# JRE version: OpenJDK Runtime Environment (8.0_152-b02) (build 1.8.0_152-release-1024-b02)
# Java VM: OpenJDK 64-Bit Server VM (25.152-b02 mixed mode windows-amd64 compressed oops)
Heap:
 PSYoungGen      total 474112K, used 285906K [0x00000000e0000000, 0x0000000100000000, 0x0000000100000000)
  eden space 428032K, 60% used [0x00000000e0000000,0x00000000efb00fd8,0x00000000fa200000)
  from space 46080K, 62% used [0x00000000fd300000,0x00000000fef33890,0x0000000100000000)
  to   space 48128K, 0% used [0x00000000fa200000,0x00000000fa200000,0x00000000fd100000)
 ParOldGen       total 146944K, used 123584K [0x00000000a0000000, 0x00000000a8f80000, 0x00000000e0000000)
  object space 146944K, 84% used [0x00000000a0000000,0x00000000a78b03c8,0x00000000a8f80000)
 Metaspace       used 131804K, capacity 141866K, committed 142040K, reserved 1173504K
  class space    used 16459K, capacity 18374K, committed 18432K, reserved 1048576K
GC Heap History (10 events):
Event: 6701.284 GC heap before
{Heap before GC invocations=63 (full 7):
 PSYoungGen      total 491008K, used 482872K [0x00000000e0000000, 0x0000000100000000, 0x0000000100000000)
  eden space 462336K, 100% used [0x00000000e0000000,0x00000000fc380000,0x00000000fc380000)
  from space 28672K, 71% used [0x00000000fc380000,0x00000000fd78e060,0x00000000fdf80000)
  to   space 31232K, 0% used [0x00000000fe180000,0x00000000fe180000,0x0000000100000000)
 ParOldGen       total 146944K, used 98116K [0x00000000a0000000, 0x00000000a8f80000, 0x00000000e0000000)
  object space 146944K, 66% used [0x00000000a0000000,0x00000000a5fd10c8,0x00000000a8f80000)
 Metaspace       used 131347K, capacity 141370K, committed 141528K, reserved 1173504K
  class space    used 16440K, capacity 18345K, committed 18432K, reserved 1048576K
Event: 6701.334 GC heap after
Heap after GC invocations=63 (full 7):
 PSYoungGen      total 494080K, used 7552K [0x00000000e0000000, 0x00000000fff80000, 0x0000000100000000)
  eden space 463360K, 0% used [0x00000000e0000000,0x00000000e0000000,0x00000000fc480000)
  from space 30720K, 24% used [0x00000000fe180000,0x00000000fe8e03a0,0x00000000fff80000)
  to   space 29696K, 0% used [0x00000000fc480000,0x00000000fc480000,0x00000000fe180000)
 ParOldGen       total 146944K, used 98124K [0x00000000a0000000, 0x00000000a8f80000, 0x00000000e0000000)
  object space 146944K, 66% used [0x00000000a0000000,0x00000000a5fd30c8,0x00000000a8f80000)
 Metaspace       used 131347K, capacity 141370K, committed 141528K, reserved 1173504K
  class space    used 16440K, capacity 18345K, committed 18432K, reserved 1048576K
}
Event: 6703.009 GC heap before
{Heap before GC invocations=64 (full 7):
 PSYoungGen      total 494080K, used 470912K [0x00000000e0000000, 0x00000000fff80000, 0x0000000100000000)
  eden space 463360K, 100% used [0x00000000e0000000,0x00000000fc480000,0x00000000fc480000)
  from space 30720K, 24% used [0x00000000fe180000,0x00000000fe8e03a0,0x00000000fff80000)
  to   space 29696K, 0% used [0x00000000fc480000,0x00000000fc480000,0x00000000fe180000)
 ParOldGen       total 146944K, used 98124K [0x00000000a0000000, 0x00000000a8f80000, 0x00000000e0000000)
  object space 146944K, 66% used [0x00000000a0000000,0x00000000a5fd30c8,0x00000000a8f80000)
 Metaspace       used 131419K, capacity 141484K, committed 141784K, reserved 1173504K
  class space    used 16450K, capacity 18364K, committed 18432K, reserved 1048576K
Event: 6703.030 GC heap after
Heap after GC invocations=64 (full 7):
 PSYoungGen      total 472576K, used 8944K [0x00000000e0000000, 0x00000000ffb00000, 0x0000000100000000)
  eden space 463360K, 0% used [0x00000000e0000000,0x00000000e0000000,0x00000000fc480000)
  from space 9216K, 97% used [0x00000000fc480000,0x00000000fcd3c070,0x00000000fcd80000)
  to   space 27648K, 0% used [0x00000000fe000000,0x00000000fe000000,0x00000000ffb00000)
 ParOldGen       total 146944K, used 98132K [0x00000000a0000000, 0x00000000a8f80000, 0x00000000e0000000)
  object space 146944K, 66% used [0x00000000a0000000,0x00000000a5fd50c8,0x00000000a8f80000)
 Metaspace       used 131419K, capacity 141484K, committed 141784K, reserved 1173504K
  class space    used 16450K, capacity 18364K, committed 18432K, reserved 1048576K
}
Event: 6707.548 GC heap before
{Heap before GC invocations=65 (full 7):
 PSYoungGen      total 472576K, used 472304K [0x00000000e0000000, 0x00000000ffb00000, 0x0000000100000000)
  eden space 463360K, 100% used [0x00000000e0000000,0x00000000fc480000,0x00000000fc480000)
  from space 9216K, 97% used [0x00000000fc480000,0x00000000fcd3c070,0x00000000fcd80000)
  to   space 27648K, 0% used [0x00000000fe000000,0x00000000fe000000,0x00000000ffb00000)
 ParOldGen       total 146944K, used 98132K [0x00000000a0000000, 0x00000000a8f80000, 0x00000000e0000000)
  object space 146944K, 66% used [0x00000000a0000000,0x00000000a5fd50c8,0x00000000a8f80000)
 Metaspace       used 131641K, capacity 141752K, committed 142040K, reserved 1173504K
  class space    used 16454K, capacity 18367K, committed 18432K, reserved 1048576K
Event: 6707.886 GC heap after
Heap after GC invocations=65 (full 7):
 PSYoungGen      total 468992K, used 27640K [0x00000000e0000000, 0x0000000100000000, 0x0000000100000000)
  eden space 441344K, 0% used [0x00000000e0000000,0x00000000e0000000,0x00000000faf00000)
  from space 27648K, 99% used [0x00000000fe000000,0x00000000ffafe1d8,0x00000000ffb00000)
  to   space 41472K, 0% used [0x00000000faf00000,0x00000000faf00000,0x00000000fd780000)
 ParOldGen       total 146944K, used 121594K [0x00000000a0000000, 0x00000000a8f80000, 0x00000000e0000000)
  object space 146944K, 82% used [0x00000000a0000000,0x00000000a76beb18,0x00000000a8f80000)
 Metaspace       used 131641K, capacity 141752K, committed 142040K, reserved 1173504K
  class space    used 16454K, capacity 18367K, committed 18432K, reserved 1048576K
}
Event: 6711.890 GC heap before
{Heap before GC invocations=66 (full 7):
 PSYoungGen      total 468992K, used 468859K [0x00000000e0000000, 0x0000000100000000, 0x0000000100000000)
  eden space 441344K, 99% used [0x00000000e0000000,0x00000000faee0c90,0x00000000faf00000)
  from space 27648K, 99% used [0x00000000fe000000,0x00000000ffafe1d8,0x00000000ffb00000)
  to   space 41472K, 0% used [0x00000000faf00000,0x00000000faf00000,0x00000000fd780000)
 ParOldGen       total 146944K, used 121594K [0x00000000a0000000, 0x00000000a8f80000, 0x00000000e0000000)
  object space 146944K, 82% used [0x00000000a0000000,0x00000000a76beb18,0x00000000a8f80000)
 Metaspace       used 131709K, capacity 141790K, committed 142040K, reserved 1173504K
  class space    used 16456K, capacity 18372K, committed 18432K, reserved 1048576K
Event: 6711.956 GC heap after
Heap after GC invocations=66 (full 7):
 PSYoungGen      total 478208K, used 36561K [0x00000000e0000000, 0x0000000100000000, 0x0000000100000000)
  eden space 441344K, 0% used [0x00000000e0000000,0x00000000e0000000,0x00000000faf00000)
  from space 36864K, 99% used [0x00000000faf00000,0x00000000fd2b4520,0x00000000fd300000)
  to   space 46080K, 0% used [0x00000000fd300000,0x00000000fd300000,0x0000000100000000)
 ParOldGen       total 146944K, used 122660K [0x00000000a0000000, 0x00000000a8f80000, 0x00000000e0000000)
  object space 146944K, 83% used [0x00000000a0000000,0x00000000a77c9008,0x00000000a8f80000)
 Metaspace       used 131709K, capacity 141790K, committed 142040K, reserved 1173504K
  class space    used 16456K, capacity 18372K, committed 18432K, reserved 1048576K
}
Event: 7397.373 GC heap before
{Heap before GC invocations=67 (full 7):
 PSYoungGen      total 478208K, used 477905K [0x00000000e0000000, 0x0000000100000000, 0x0000000100000000)
  eden space 441344K, 100% used [0x00000000e0000000,0x00000000faf00000,0x00000000faf00000)
  from space 36864K, 99% used [0x00000000faf00000,0x00000000fd2b4520,0x00000000fd300000)
  to   space 46080K, 0% used [0x00000000fd300000,0x00000000fd300000,0x0000000100000000)
 ParOldGen       total 146944K, used 122660K [0x00000000a0000000, 0x00000000a8f80000, 0x00000000e0000000)
  object space 146944K, 83% used [0x00000000a0000000,0x00000000a77c9008,0x00000000a8f80000)
 Metaspace       used 131739K, capacity 141790K, committed 142040K, reserved 1173504K
  class space    used 16456K, capacity 18372K, committed 18432K, reserved 1048576K
Event: 7397.646 GC heap after
Heap after GC invocations=67 (full 7):
 PSYoungGen      total 474112K, used 28878K [0x00000000e0000000, 0x0000000100000000, 0x0000000100000000)
  eden space 428032K, 0% used [0x00000000e0000000,0x00000000e0000000,0x00000000fa200000)
  from space 46080K, 62% used [0x00000000fd300000,0x00000000fef33890,0x0000000100000000)
  to   space 48128K, 0% used [0x00000000fa200000,0x00000000fa200000,0x00000000fd100000)
 ParOldGen       total 146944K, used 123584K [0x00000000a0000000, 0x00000000a8f80000, 0x00000000e0000000)
  object space 146944K, 84% used [0x00000000a0000000,0x00000000a78b03c8,0x00000000a8f80000)
 Metaspace       used 131739K, capacity 141790K, committed 142040K, reserved 1173504K
  class space    used 16456K, capacity 18372K, committed 18432K, reserved 1048576K
}

